{
  "stats": {
    "suites": 1,
    "tests": 1,
    "passes": 1,
    "pending": 0,
    "failures": 0,
    "start": "2025-11-02T22:12:57.438Z",
    "end": "2025-11-02T22:13:09.246Z",
    "duration": 11808,
    "testsRegistered": 1,
    "passPercent": 100,
    "pendingPercent": 0,
    "other": 0,
    "hasOther": false,
    "skipped": 0,
    "hasSkipped": false
  },
  "results": [
    {
      "uuid": "2a191150-f7b7-4807-b7c9-36e8bf807262",
      "title": "",
      "fullFile": "cypress/e2e/tc15_place_order.cy.ts",
      "file": "cypress/e2e/tc15_place_order.cy.ts",
      "beforeHooks": [],
      "afterHooks": [],
      "tests": [],
      "suites": [
        {
          "uuid": "f9a59d20-e0f3-4287-95ec-abbb549a5234",
          "title": "TC15 - Fazer pedido com registro prévio",
          "fullFile": "",
          "file": "",
          "beforeHooks": [],
          "afterHooks": [],
          "tests": [
            {
              "title": "deve permitir registrar, adicionar produto e prosseguir para checkout",
              "fullTitle": "TC15 - Fazer pedido com registro prévio deve permitir registrar, adicionar produto e prosseguir para checkout",
              "timedOut": null,
              "duration": 11744,
              "state": "passed",
              "speed": "slow",
              "pass": true,
              "fail": false,
              "pending": false,
              "context": null,
              "code": "const products = new productsPage_1.ProductsPage();\nconst signup = new signupPage_1.SignupPage();\nconst cart = new cartPage_1.CartPage();\nconst email = faker_1.faker.internet.email();\nconst password = 'Senha123!';\n// Registrar usuário\nsignup.visit();\nsignup.startSignup('Usuario Pedido', email);\nsignup.fillAccountInformation(password);\ncy.get('a[data-qa=\"continue-button\"]').click();\ncy.contains('Logged in as').should('be.visible');\n// Ir para produtos e abrir a página de detalhe do primeiro produto\nproducts.visit();\n// abrir detalhes do primeiro produto (View Product) para então adicionar ao carrinho de forma unívoca\ncy.get('.product-image-wrapper, .single-products').first().then(($card) => {\n    const href = $card.find('a[href*=\"/product_details/\"]').attr('href');\n    if (href) {\n        // navegar diretamente para a página de detalhe do produto\n        cy.visit(href);\n    }\n    else {\n        // fallback: clicar no primeiro link de detalhe disponível\n        cy.get('a[href*=\"/product_details/\"]').first().click({ force: true });\n    }\n});\n// Na página de detalhe do produto, clicar em Add to cart\ncy.wait(1000); // dar tempo para a página carregar\ncy.contains(/add to cart/i).should('be.visible').first().click({ force: true });\n// Aguardar o modal de sucesso e então ir para o carrinho\ncy.contains(/added!/i).should('be.visible');\ncy.wait(500); // aguardar animação\n// Visualizar carrinho e proceder\ncy.contains('View Cart').should('be.visible').first().click({ force: true });\ncart.proceedToCheckout();\n// Verifica que chegou à página de checkout (pode pedir confirmação de endereço)\ncy.contains('Address Details').should('be.visible');",
              "err": {},
              "uuid": "a11c5ee8-c539-4f98-b776-86999283483b",
              "parentUUID": "f9a59d20-e0f3-4287-95ec-abbb549a5234",
              "isHook": false,
              "skipped": false
            }
          ],
          "suites": [],
          "passes": [
            "a11c5ee8-c539-4f98-b776-86999283483b"
          ],
          "failures": [],
          "pending": [],
          "skipped": [],
          "duration": 11744,
          "root": false,
          "rootEmpty": false,
          "_timeout": 2000
        }
      ],
      "passes": [],
      "failures": [],
      "pending": [],
      "skipped": [],
      "duration": 0,
      "root": true,
      "rootEmpty": true,
      "_timeout": 2000
    }
  ],
  "meta": {
    "mocha": {
      "version": "7.0.1"
    },
    "mochawesome": {
      "options": {
        "quiet": false,
        "reportFilename": "mochawesome",
        "saveHtml": true,
        "saveJson": true,
        "consoleReporter": "spec",
        "useInlineDiffs": false,
        "code": true
      },
      "version": "7.1.4"
    },
    "marge": {
      "options": {
        "reportDir": "cypress/reports",
        "overwrite": false,
        "html": true,
        "json": true
      },
      "version": "6.3.0"
    }
  }
}