{
  "stats": {
    "suites": 1,
    "tests": 1,
    "passes": 1,
    "pending": 0,
    "failures": 0,
    "start": "2025-11-02T22:12:33.623Z",
    "end": "2025-11-02T22:12:36.002Z",
    "duration": 2379,
    "testsRegistered": 1,
    "passPercent": 100,
    "pendingPercent": 0,
    "other": 0,
    "hasOther": false,
    "skipped": 0,
    "hasSkipped": false
  },
  "results": [
    {
      "uuid": "d2bd9fd9-31c1-4bd7-961c-39d5c60d3fc5",
      "title": "",
      "fullFile": "cypress/e2e/tc09_search.cy.ts",
      "file": "cypress/e2e/tc09_search.cy.ts",
      "beforeHooks": [],
      "afterHooks": [],
      "tests": [],
      "suites": [
        {
          "uuid": "2f03edc0-6399-4905-95c8-fa7bdf4d08b8",
          "title": "TC09 - Pesquisa de produto",
          "fullFile": "",
          "file": "",
          "beforeHooks": [],
          "afterHooks": [],
          "tests": [
            {
              "title": "deve retornar resultados ao pesquisar um termo existente",
              "fullTitle": "TC09 - Pesquisa de produto deve retornar resultados ao pesquisar um termo existente",
              "timedOut": null,
              "duration": 2355,
              "state": "passed",
              "speed": "fast",
              "pass": true,
              "fail": false,
              "pending": false,
              "context": null,
              "code": "const products = new productsPage_1.ProductsPage();\nproducts.visit();\n// Termo genérico que deve retornar itens\nproducts.search('dress');\n// Verifica que resultados aparecem\ncy.get('.features_items').should('contain.text', 'Dress');",
              "err": {},
              "uuid": "e4915510-d0ca-4e34-a40e-e1751efd128c",
              "parentUUID": "2f03edc0-6399-4905-95c8-fa7bdf4d08b8",
              "isHook": false,
              "skipped": false
            }
          ],
          "suites": [],
          "passes": [
            "e4915510-d0ca-4e34-a40e-e1751efd128c"
          ],
          "failures": [],
          "pending": [],
          "skipped": [],
          "duration": 2355,
          "root": false,
          "rootEmpty": false,
          "_timeout": 2000
        }
      ],
      "passes": [],
      "failures": [],
      "pending": [],
      "skipped": [],
      "duration": 0,
      "root": true,
      "rootEmpty": true,
      "_timeout": 2000
    }
  ],
  "meta": {
    "mocha": {
      "version": "7.0.1"
    },
    "mochawesome": {
      "options": {
        "quiet": false,
        "reportFilename": "mochawesome",
        "saveHtml": true,
        "saveJson": true,
        "consoleReporter": "spec",
        "useInlineDiffs": false,
        "code": true
      },
      "version": "7.1.4"
    },
    "marge": {
      "options": {
        "reportDir": "cypress/reports",
        "overwrite": false,
        "html": true,
        "json": true
      },
      "version": "6.3.0"
    }
  }
}