{
  "stats": {
    "suites": 1,
    "tests": 1,
    "passes": 1,
    "pending": 0,
    "failures": 0,
    "start": "2025-11-02T22:12:28.753Z",
    "end": "2025-11-02T22:12:30.699Z",
    "duration": 1946,
    "testsRegistered": 1,
    "passPercent": 100,
    "pendingPercent": 0,
    "other": 0,
    "hasOther": false,
    "skipped": 0,
    "hasSkipped": false
  },
  "results": [
    {
      "uuid": "431853a7-1d11-4101-aa7c-0ea1488cf5ef",
      "title": "",
      "fullFile": "cypress/e2e/tc08_products.cy.ts",
      "file": "cypress/e2e/tc08_products.cy.ts",
      "beforeHooks": [],
      "afterHooks": [],
      "tests": [],
      "suites": [
        {
          "uuid": "591a58ec-b17e-4ebc-8656-3c645251c180",
          "title": "TC08 - Lista de produtos e detalhes",
          "fullFile": "",
          "file": "",
          "beforeHooks": [],
          "afterHooks": [],
          "tests": [
            {
              "title": "deve listar produtos e abrir detalhe do primeiro",
              "fullTitle": "TC08 - Lista de produtos e detalhes deve listar produtos e abrir detalhe do primeiro",
              "timedOut": null,
              "duration": 1924,
              "state": "passed",
              "speed": "fast",
              "pass": true,
              "fail": false,
              "pending": false,
              "context": null,
              "code": "const products = new productsPage_1.ProductsPage();\nproducts.visit();\nproducts.assertProductListVisible();\n// Abrir detalhes do primeiro produto\ncy.get('.product-image-wrapper').first().within(() => {\n    cy.contains('View Product').click({ force: true });\n});\n// Verificar que a página de detalhes mostra informações do produto\ncy.get('.product-information').should('be.visible');",
              "err": {},
              "uuid": "6cce3e80-0900-4b9e-bd42-b74d54dee0e4",
              "parentUUID": "591a58ec-b17e-4ebc-8656-3c645251c180",
              "isHook": false,
              "skipped": false
            }
          ],
          "suites": [],
          "passes": [
            "6cce3e80-0900-4b9e-bd42-b74d54dee0e4"
          ],
          "failures": [],
          "pending": [],
          "skipped": [],
          "duration": 1924,
          "root": false,
          "rootEmpty": false,
          "_timeout": 2000
        }
      ],
      "passes": [],
      "failures": [],
      "pending": [],
      "skipped": [],
      "duration": 0,
      "root": true,
      "rootEmpty": true,
      "_timeout": 2000
    }
  ],
  "meta": {
    "mocha": {
      "version": "7.0.1"
    },
    "mochawesome": {
      "options": {
        "quiet": false,
        "reportFilename": "mochawesome",
        "saveHtml": true,
        "saveJson": true,
        "consoleReporter": "spec",
        "useInlineDiffs": false,
        "code": true
      },
      "version": "7.1.4"
    },
    "marge": {
      "options": {
        "reportDir": "cypress/reports",
        "overwrite": false,
        "html": true,
        "json": true
      },
      "version": "6.3.0"
    }
  }
}