{
  "stats": {
    "suites": 1,
    "tests": 1,
    "passes": 1,
    "pending": 0,
    "failures": 0,
    "start": "2025-11-02T22:03:28.742Z",
    "end": "2025-11-02T22:03:38.844Z",
    "duration": 10102,
    "testsRegistered": 1,
    "passPercent": 100,
    "pendingPercent": 0,
    "other": 0,
    "hasOther": false,
    "skipped": 0,
    "hasSkipped": false
  },
  "results": [
    {
      "uuid": "ad4d1b66-43fb-4736-b1c6-35be8430d752",
      "title": "",
      "fullFile": "cypress/e2e/tc05_register_existing.cy.ts",
      "file": "cypress/e2e/tc05_register_existing.cy.ts",
      "beforeHooks": [],
      "afterHooks": [],
      "tests": [],
      "suites": [
        {
          "uuid": "9ad3126c-e9b5-41ca-8170-6e169c9423e6",
          "title": "TC05 - Registrar com e-mail existente",
          "fullFile": "",
          "file": "",
          "beforeHooks": [],
          "afterHooks": [],
          "tests": [
            {
              "title": "deve recusar cadastro quando email já existe",
              "fullTitle": "TC05 - Registrar com e-mail existente deve recusar cadastro quando email já existe",
              "timedOut": null,
              "duration": 10031,
              "state": "passed",
              "speed": "slow",
              "pass": true,
              "fail": false,
              "pending": false,
              "context": null,
              "code": "const signup = new signupPage_1.SignupPage();\nconst email = faker_1.faker.internet.email();\n// Primeiro registro (sucesso)\nsignup.visit();\nsignup.startSignup('Usuario Existente', email);\nsignup.fillAccountInformation('Senha123!');\ncy.get('a[data-qa=\"continue-button\"]').click();\ncy.contains('Logged in as').should('be.visible');\n// Logout\ncy.contains('Logout').click();\n// Tentar registrar novamente com o mesmo email\nsignup.visit();\nsignup.startSignup('Usuario Existente2', email);\n// Verificar que mensagem de erro sobre email existente aparece\ncy.contains('Email Address already exist!').should('be.visible');",
              "err": {},
              "uuid": "5ada3559-9baa-401d-a8d6-21de426f38d9",
              "parentUUID": "9ad3126c-e9b5-41ca-8170-6e169c9423e6",
              "isHook": false,
              "skipped": false
            }
          ],
          "suites": [],
          "passes": [
            "5ada3559-9baa-401d-a8d6-21de426f38d9"
          ],
          "failures": [],
          "pending": [],
          "skipped": [],
          "duration": 10031,
          "root": false,
          "rootEmpty": false,
          "_timeout": 2000
        }
      ],
      "passes": [],
      "failures": [],
      "pending": [],
      "skipped": [],
      "duration": 0,
      "root": true,
      "rootEmpty": true,
      "_timeout": 2000
    }
  ],
  "meta": {
    "mocha": {
      "version": "7.0.1"
    },
    "mochawesome": {
      "options": {
        "quiet": false,
        "reportFilename": "mochawesome",
        "saveHtml": true,
        "saveJson": true,
        "consoleReporter": "spec",
        "useInlineDiffs": false,
        "code": true
      },
      "version": "7.1.4"
    },
    "marge": {
      "options": {
        "reportDir": "cypress/reports",
        "overwrite": false,
        "html": true,
        "json": true
      },
      "version": "6.3.0"
    }
  }
}