{
  "stats": {
    "suites": 1,
    "tests": 1,
    "passes": 1,
    "pending": 0,
    "failures": 0,
    "start": "2025-11-02T21:16:36.632Z",
    "end": "2025-11-02T21:16:41.369Z",
    "duration": 4737,
    "testsRegistered": 1,
    "passPercent": 100,
    "pendingPercent": 0,
    "other": 0,
    "hasOther": false,
    "skipped": 0,
    "hasSkipped": false
  },
  "results": [
    {
      "uuid": "7393e50f-836c-49a3-904c-92b1270889ca",
      "title": "",
      "fullFile": "cypress/e2e/tc06_contact.cy.ts",
      "file": "cypress/e2e/tc06_contact.cy.ts",
      "beforeHooks": [],
      "afterHooks": [],
      "tests": [],
      "suites": [
        {
          "uuid": "925cc0ef-3e54-459f-918d-1bb654c901c0",
          "title": "TC06 - Contact Us form",
          "fullFile": "",
          "file": "",
          "beforeHooks": [],
          "afterHooks": [],
          "tests": [
            {
              "title": "deve enviar o formulário de contato com sucesso",
              "fullTitle": "TC06 - Contact Us form deve enviar o formulário de contato com sucesso",
              "timedOut": null,
              "duration": 4721,
              "state": "passed",
              "speed": "fast",
              "pass": true,
              "fail": false,
              "pending": false,
              "context": null,
              "code": "const contact = new contactPage_1.ContactPage();\nconst email = faker_1.faker.internet.email();\ncontact.visit();\n// Preencher e submeter\ncontact.submitContact('Contato Teste', email, 'Assunto teste', 'Mensagem de teste via Cypress');\n// Verificar mensagem de sucesso\ncy.contains('Success! Your details have been submitted successfully.').should('be.visible');\n// Voltar à home — usar link para a raiz do site\ncy.get('a[href=\"/\"]').first().click({ force: true });",
              "err": {},
              "uuid": "f9dc898e-efb1-4d6a-a75b-9743a66980e6",
              "parentUUID": "925cc0ef-3e54-459f-918d-1bb654c901c0",
              "isHook": false,
              "skipped": false
            }
          ],
          "suites": [],
          "passes": [
            "f9dc898e-efb1-4d6a-a75b-9743a66980e6"
          ],
          "failures": [],
          "pending": [],
          "skipped": [],
          "duration": 4721,
          "root": false,
          "rootEmpty": false,
          "_timeout": 2000
        }
      ],
      "passes": [],
      "failures": [],
      "pending": [],
      "skipped": [],
      "duration": 0,
      "root": true,
      "rootEmpty": true,
      "_timeout": 2000
    }
  ],
  "meta": {
    "mocha": {
      "version": "7.0.1"
    },
    "mochawesome": {
      "options": {
        "quiet": false,
        "reportFilename": "mochawesome",
        "saveHtml": true,
        "saveJson": true,
        "consoleReporter": "spec",
        "useInlineDiffs": false,
        "code": true
      },
      "version": "7.1.4"
    },
    "marge": {
      "options": {
        "reportDir": "cypress/reports",
        "overwrite": false,
        "html": true,
        "json": true
      },
      "version": "6.3.0"
    }
  }
}