{
  "stats": {
    "suites": 1,
    "tests": 1,
    "passes": 1,
    "pending": 0,
    "failures": 0,
    "start": "2025-11-02T22:03:09.578Z",
    "end": "2025-11-02T22:03:17.987Z",
    "duration": 8409,
    "testsRegistered": 1,
    "passPercent": 100,
    "pendingPercent": 0,
    "other": 0,
    "hasOther": false,
    "skipped": 0,
    "hasSkipped": false
  },
  "results": [
    {
      "uuid": "dfca25cd-9e9e-4ad8-b35d-21b8836f806e",
      "title": "",
      "fullFile": "cypress/e2e/tc04_logout.cy.ts",
      "file": "cypress/e2e/tc04_logout.cy.ts",
      "beforeHooks": [],
      "afterHooks": [],
      "tests": [],
      "suites": [
        {
          "uuid": "fec8b329-0279-4363-9c3d-74f71a29f28d",
          "title": "TC04 - Logout do usuário",
          "fullFile": "",
          "file": "",
          "beforeHooks": [],
          "afterHooks": [],
          "tests": [
            {
              "title": "deve realizar logout corretamente após login",
              "fullTitle": "TC04 - Logout do usuário deve realizar logout corretamente após login",
              "timedOut": null,
              "duration": 8330,
              "state": "passed",
              "speed": "medium",
              "pass": true,
              "fail": false,
              "pending": false,
              "context": null,
              "code": "// Reaproveitamos o Page Object para registro + logout\nconst signup = new signupPage_1.SignupPage();\nconst email = faker_1.faker.internet.email();\nconst password = 'Senha123!';\n// Registrar usuário via Page Object\nsignup.visit();\nsignup.startSignup('UsuarioLogout', email);\nsignup.fillAccountInformation(password);\n// clicar em continuar se existir\ncy.get('body').then($b => {\n    if ($b.find('a[data-qa=\"continue-button\"]').length)\n        cy.get('a[data-qa=\"continue-button\"]').click();\n});\n// Fazer logout\ncy.contains(/logout/i, { timeout: 10000 }).should('be.visible').click();\n// Verificar retorno à página de login/signup\ncy.contains(/signup \\/? login/i, { timeout: 10000 }).should('be.visible');",
              "err": {},
              "uuid": "be47f386-ed73-496d-b713-bd4066923fb6",
              "parentUUID": "fec8b329-0279-4363-9c3d-74f71a29f28d",
              "isHook": false,
              "skipped": false
            }
          ],
          "suites": [],
          "passes": [
            "be47f386-ed73-496d-b713-bd4066923fb6"
          ],
          "failures": [],
          "pending": [],
          "skipped": [],
          "duration": 8330,
          "root": false,
          "rootEmpty": false,
          "_timeout": 2000
        }
      ],
      "passes": [],
      "failures": [],
      "pending": [],
      "skipped": [],
      "duration": 0,
      "root": true,
      "rootEmpty": true,
      "_timeout": 2000
    }
  ],
  "meta": {
    "mocha": {
      "version": "7.0.1"
    },
    "mochawesome": {
      "options": {
        "quiet": false,
        "reportFilename": "mochawesome",
        "saveHtml": true,
        "saveJson": true,
        "consoleReporter": "spec",
        "useInlineDiffs": false,
        "code": true
      },
      "version": "7.1.4"
    },
    "marge": {
      "options": {
        "reportDir": "cypress/reports",
        "overwrite": false,
        "html": true,
        "json": true
      },
      "version": "6.3.0"
    }
  }
}