{
  "stats": {
    "suites": 1,
    "tests": 1,
    "passes": 1,
    "pending": 0,
    "failures": 0,
    "start": "2025-11-02T21:11:30.456Z",
    "end": "2025-11-02T21:11:32.780Z",
    "duration": 2324,
    "testsRegistered": 1,
    "passPercent": 100,
    "pendingPercent": 0,
    "other": 0,
    "hasOther": false,
    "skipped": 0,
    "hasSkipped": false
  },
  "results": [
    {
      "uuid": "ed65be5c-f844-48f2-8247-871085ed83b8",
      "title": "",
      "fullFile": "cypress/e2e/tc09_search.cy.ts",
      "file": "cypress/e2e/tc09_search.cy.ts",
      "beforeHooks": [],
      "afterHooks": [],
      "tests": [],
      "suites": [
        {
          "uuid": "bd62d29e-e17c-4397-9978-2f4807fb4b28",
          "title": "TC09 - Pesquisa de produto",
          "fullFile": "",
          "file": "",
          "beforeHooks": [],
          "afterHooks": [],
          "tests": [
            {
              "title": "deve retornar resultados ao pesquisar um termo existente",
              "fullTitle": "TC09 - Pesquisa de produto deve retornar resultados ao pesquisar um termo existente",
              "timedOut": null,
              "duration": 2305,
              "state": "passed",
              "speed": "fast",
              "pass": true,
              "fail": false,
              "pending": false,
              "context": null,
              "code": "const products = new productsPage_1.ProductsPage();\nproducts.visit();\n// Termo genérico que deve retornar itens\nproducts.search('dress');\n// Verifica que resultados aparecem\ncy.get('.features_items').should('contain.text', 'Dress');",
              "err": {},
              "uuid": "0b20256f-a4ad-475b-a52b-6ee69411c0b4",
              "parentUUID": "bd62d29e-e17c-4397-9978-2f4807fb4b28",
              "isHook": false,
              "skipped": false
            }
          ],
          "suites": [],
          "passes": [
            "0b20256f-a4ad-475b-a52b-6ee69411c0b4"
          ],
          "failures": [],
          "pending": [],
          "skipped": [],
          "duration": 2305,
          "root": false,
          "rootEmpty": false,
          "_timeout": 2000
        }
      ],
      "passes": [],
      "failures": [],
      "pending": [],
      "skipped": [],
      "duration": 0,
      "root": true,
      "rootEmpty": true,
      "_timeout": 2000
    }
  ],
  "meta": {
    "mocha": {
      "version": "7.0.1"
    },
    "mochawesome": {
      "options": {
        "quiet": false,
        "reportFilename": "mochawesome",
        "saveHtml": true,
        "saveJson": true,
        "consoleReporter": "spec",
        "useInlineDiffs": false,
        "code": true
      },
      "version": "7.1.4"
    },
    "marge": {
      "options": {
        "reportDir": "cypress/reports",
        "overwrite": false,
        "html": true,
        "json": true
      },
      "version": "6.3.0"
    }
  }
}