{
  "stats": {
    "suites": 1,
    "tests": 1,
    "passes": 1,
    "pending": 0,
    "failures": 0,
    "start": "2025-11-02T21:15:47.602Z",
    "end": "2025-11-02T21:15:49.956Z",
    "duration": 2354,
    "testsRegistered": 1,
    "passPercent": 100,
    "pendingPercent": 0,
    "other": 0,
    "hasOther": false,
    "skipped": 0,
    "hasSkipped": false
  },
  "results": [
    {
      "uuid": "ad2dd3e2-24bd-4384-9dc2-f7bb0911cefe",
      "title": "",
      "fullFile": "cypress/e2e/tc03_login_fail.cy.ts",
      "file": "cypress/e2e/tc03_login_fail.cy.ts",
      "beforeHooks": [],
      "afterHooks": [],
      "tests": [],
      "suites": [
        {
          "uuid": "1d1167dd-2312-4d23-b588-452c767aba0f",
          "title": "TC03 - Login com credenciais incorretas",
          "fullFile": "",
          "file": "",
          "beforeHooks": [],
          "afterHooks": [],
          "tests": [
            {
              "title": "não deve permitir login com senha incorreta",
              "fullTitle": "TC03 - Login com credenciais incorretas não deve permitir login com senha incorreta",
              "timedOut": null,
              "duration": 2315,
              "state": "passed",
              "speed": "fast",
              "pass": true,
              "fail": false,
              "pending": false,
              "context": null,
              "code": "const login = new loginPage_1.LoginPage();\nconst fakeEmail = faker_1.faker.internet.email();\nlogin.visit();\nlogin.login(fakeEmail, 'senhaErrada');\n// Verifica mensagem de erro apropriada\ncy.contains('Your email or password is incorrect!').should('exist');",
              "err": {},
              "uuid": "bfa153ca-484d-42a3-83e0-7ce78ff0a0a2",
              "parentUUID": "1d1167dd-2312-4d23-b588-452c767aba0f",
              "isHook": false,
              "skipped": false
            }
          ],
          "suites": [],
          "passes": [
            "bfa153ca-484d-42a3-83e0-7ce78ff0a0a2"
          ],
          "failures": [],
          "pending": [],
          "skipped": [],
          "duration": 2315,
          "root": false,
          "rootEmpty": false,
          "_timeout": 2000
        }
      ],
      "passes": [],
      "failures": [],
      "pending": [],
      "skipped": [],
      "duration": 0,
      "root": true,
      "rootEmpty": true,
      "_timeout": 2000
    }
  ],
  "meta": {
    "mocha": {
      "version": "7.0.1"
    },
    "mochawesome": {
      "options": {
        "quiet": false,
        "reportFilename": "mochawesome",
        "saveHtml": true,
        "saveJson": true,
        "consoleReporter": "spec",
        "useInlineDiffs": false,
        "code": true
      },
      "version": "7.1.4"
    },
    "marge": {
      "options": {
        "reportDir": "cypress/reports",
        "overwrite": false,
        "html": true,
        "json": true
      },
      "version": "6.3.0"
    }
  }
}