{
  "stats": {
    "suites": 1,
    "tests": 1,
    "passes": 1,
    "pending": 0,
    "failures": 0,
    "start": "2025-11-02T21:16:45.757Z",
    "end": "2025-11-02T21:16:47.689Z",
    "duration": 1932,
    "testsRegistered": 1,
    "passPercent": 100,
    "pendingPercent": 0,
    "other": 0,
    "hasOther": false,
    "skipped": 0,
    "hasSkipped": false
  },
  "results": [
    {
      "uuid": "73e6ae01-ab29-48ca-8229-ea89de105219",
      "title": "",
      "fullFile": "cypress/e2e/tc08_products.cy.ts",
      "file": "cypress/e2e/tc08_products.cy.ts",
      "beforeHooks": [],
      "afterHooks": [],
      "tests": [],
      "suites": [
        {
          "uuid": "fabf603b-f3d1-4b32-99ea-87b7a9f3b252",
          "title": "TC08 - Lista de produtos e detalhes",
          "fullFile": "",
          "file": "",
          "beforeHooks": [],
          "afterHooks": [],
          "tests": [
            {
              "title": "deve listar produtos e abrir detalhe do primeiro",
              "fullTitle": "TC08 - Lista de produtos e detalhes deve listar produtos e abrir detalhe do primeiro",
              "timedOut": null,
              "duration": 1892,
              "state": "passed",
              "speed": "fast",
              "pass": true,
              "fail": false,
              "pending": false,
              "context": null,
              "code": "const products = new productsPage_1.ProductsPage();\nproducts.visit();\nproducts.assertProductListVisible();\n// Abrir detalhes do primeiro produto\n// Observação: dependendo do overlay do site, o clique força interação\ncy.get('.product-image-wrapper').first().within(() => {\n    cy.contains('View Product').click({ force: true });\n});\n// Verificar que a página de detalhes mostra informações do produto\ncy.get('.product-information').should('be.visible');",
              "err": {},
              "uuid": "a4a3e9c1-b819-489a-8273-aacc16617126",
              "parentUUID": "fabf603b-f3d1-4b32-99ea-87b7a9f3b252",
              "isHook": false,
              "skipped": false
            }
          ],
          "suites": [],
          "passes": [
            "a4a3e9c1-b819-489a-8273-aacc16617126"
          ],
          "failures": [],
          "pending": [],
          "skipped": [],
          "duration": 1892,
          "root": false,
          "rootEmpty": false,
          "_timeout": 2000
        }
      ],
      "passes": [],
      "failures": [],
      "pending": [],
      "skipped": [],
      "duration": 0,
      "root": true,
      "rootEmpty": true,
      "_timeout": 2000
    }
  ],
  "meta": {
    "mocha": {
      "version": "7.0.1"
    },
    "mochawesome": {
      "options": {
        "quiet": false,
        "reportFilename": "mochawesome",
        "saveHtml": true,
        "saveJson": true,
        "consoleReporter": "spec",
        "useInlineDiffs": false,
        "code": true
      },
      "version": "7.1.4"
    },
    "marge": {
      "options": {
        "reportDir": "cypress/reports",
        "overwrite": false,
        "html": true,
        "json": true
      },
      "version": "6.3.0"
    }
  }
}