{
  "stats": {
    "suites": 1,
    "tests": 1,
    "passes": 1,
    "pending": 0,
    "failures": 0,
    "start": "2025-11-02T22:02:36.717Z",
    "end": "2025-11-02T22:02:47.577Z",
    "duration": 10860,
    "testsRegistered": 1,
    "passPercent": 100,
    "pendingPercent": 0,
    "other": 0,
    "hasOther": false,
    "skipped": 0,
    "hasSkipped": false
  },
  "results": [
    {
      "uuid": "f4c599e5-e792-46c0-b8ab-ad085afb57b5",
      "title": "",
      "fullFile": "cypress/e2e/tc02_login_success.cy.ts",
      "file": "cypress/e2e/tc02_login_success.cy.ts",
      "beforeHooks": [],
      "afterHooks": [],
      "tests": [],
      "suites": [
        {
          "uuid": "021aab9c-e404-4fbd-9208-95eedc6f52cf",
          "title": "TC02 - Login com credenciais corretas",
          "fullFile": "",
          "file": "",
          "beforeHooks": [],
          "afterHooks": [],
          "tests": [
            {
              "title": "deve permitir login com email e senha válidos",
              "fullTitle": "TC02 - Login com credenciais corretas deve permitir login com email e senha válidos",
              "timedOut": null,
              "duration": 10793,
              "state": "passed",
              "speed": "slow",
              "pass": true,
              "fail": false,
              "pending": false,
              "context": null,
              "code": "const signup = new signupPage_1.SignupPage();\nconst login = new loginPage_1.LoginPage();\nconst email = faker_1.faker.internet.email();\nconst password = 'Senha123!';\n// Registrar o usuário (garante que exista)\nsignup.visit();\nsignup.startSignup('Usuario Login', email);\nsignup.fillAccountInformation(password);\ncy.get('a[data-qa=\"continue-button\"]').click();\ncy.contains('Logged in as').should('be.visible');\n// Fazer logout para testar login\ncy.contains('Logout').click();\n// Testar login\nlogin.visit();\nlogin.login(email, password);\n// Verificar que login foi bem-sucedido\ncy.contains('Logged in as').should('be.visible');",
              "err": {},
              "uuid": "8ade08db-ee37-4f33-96ec-dec9c6c07a4d",
              "parentUUID": "021aab9c-e404-4fbd-9208-95eedc6f52cf",
              "isHook": false,
              "skipped": false
            }
          ],
          "suites": [],
          "passes": [
            "8ade08db-ee37-4f33-96ec-dec9c6c07a4d"
          ],
          "failures": [],
          "pending": [],
          "skipped": [],
          "duration": 10793,
          "root": false,
          "rootEmpty": false,
          "_timeout": 2000
        }
      ],
      "passes": [],
      "failures": [],
      "pending": [],
      "skipped": [],
      "duration": 0,
      "root": true,
      "rootEmpty": true,
      "_timeout": 2000
    }
  ],
  "meta": {
    "mocha": {
      "version": "7.0.1"
    },
    "mochawesome": {
      "options": {
        "quiet": false,
        "reportFilename": "mochawesome",
        "saveHtml": true,
        "saveJson": true,
        "consoleReporter": "spec",
        "useInlineDiffs": false,
        "code": true
      },
      "version": "7.1.4"
    },
    "marge": {
      "options": {
        "reportDir": "cypress/reports",
        "overwrite": false,
        "html": true,
        "json": true
      },
      "version": "6.3.0"
    }
  }
}