{
  "stats": {
    "suites": 1,
    "tests": 1,
    "passes": 1,
    "pending": 0,
    "failures": 0,
    "start": "2025-11-02T21:26:32.158Z",
    "end": "2025-11-02T21:26:40.660Z",
    "duration": 8502,
    "testsRegistered": 1,
    "passPercent": 100,
    "pendingPercent": 0,
    "other": 0,
    "hasOther": false,
    "skipped": 0,
    "hasSkipped": false
  },
  "results": [
    {
      "uuid": "51158dff-316c-4b6a-8af0-eddc326c7bf5",
      "title": "",
      "fullFile": "cypress/e2e/tc04_logout.cy.ts",
      "file": "cypress/e2e/tc04_logout.cy.ts",
      "beforeHooks": [],
      "afterHooks": [],
      "tests": [],
      "suites": [
        {
          "uuid": "b7888c29-5f6e-475b-b192-e7e0c02eb575",
          "title": "TC04 - Logout",
          "fullFile": "",
          "file": "",
          "beforeHooks": [],
          "afterHooks": [],
          "tests": [
            {
              "title": "deve logout corretamente após login",
              "fullTitle": "TC04 - Logout deve logout corretamente após login",
              "timedOut": null,
              "duration": 8429,
              "state": "passed",
              "speed": "medium",
              "pass": true,
              "fail": false,
              "pending": false,
              "context": null,
              "code": "// Reaproveitamos o Page Object para registro + logout\nconst signup = new signupPage_1.SignupPage();\nconst email = faker_1.faker.internet.email();\nconst password = 'Senha123!';\n// Registrar usuário via Page Object\nsignup.visit();\nsignup.startSignup('UsuarioLogout', email);\nsignup.fillAccountInformation(password);\n// clicar em continuar se existir\ncy.get('body').then($b => {\n    if ($b.find('a[data-qa=\"continue-button\"]').length)\n        cy.get('a[data-qa=\"continue-button\"]').click();\n});\n// Fazer logout\ncy.contains(/logout/i, { timeout: 10000 }).should('be.visible').click();\n// Verificar retorno à página de login/signup\ncy.contains(/signup \\/? login/i, { timeout: 10000 }).should('be.visible');",
              "err": {},
              "uuid": "82869c79-0087-4837-b22d-4e1c2abd42cb",
              "parentUUID": "b7888c29-5f6e-475b-b192-e7e0c02eb575",
              "isHook": false,
              "skipped": false
            }
          ],
          "suites": [],
          "passes": [
            "82869c79-0087-4837-b22d-4e1c2abd42cb"
          ],
          "failures": [],
          "pending": [],
          "skipped": [],
          "duration": 8429,
          "root": false,
          "rootEmpty": false,
          "_timeout": 2000
        }
      ],
      "passes": [],
      "failures": [],
      "pending": [],
      "skipped": [],
      "duration": 0,
      "root": true,
      "rootEmpty": true,
      "_timeout": 2000
    }
  ],
  "meta": {
    "mocha": {
      "version": "7.0.1"
    },
    "mochawesome": {
      "options": {
        "quiet": false,
        "reportFilename": "mochawesome",
        "saveHtml": true,
        "saveJson": true,
        "consoleReporter": "spec",
        "useInlineDiffs": false,
        "code": true
      },
      "version": "7.1.4"
    },
    "marge": {
      "options": {
        "reportDir": "cypress/reports",
        "overwrite": false,
        "html": true,
        "json": true
      },
      "version": "6.3.0"
    }
  }
}