{
  "stats": {
    "suites": 10,
    "tests": 10,
    "passes": 10,
    "pending": 0,
    "failures": 0,
    "testsRegistered": 10,
    "passPercent": 100,
    "pendingPercent": 0,
    "other": 0,
    "hasOther": false,
    "skipped": 0,
    "hasSkipped": false,
    "start": "2025-11-02T21:25:38.535Z",
    "end": "2025-11-02T21:27:56.858Z",
    "duration": 138323
  },
  "results": [
    {
      "uuid": "4960fb10-f33b-4763-bb8e-3c02e4da36a8",
      "title": "",
      "fullFile": "cypress/e2e/tc01_register.cy.ts",
      "file": "cypress/e2e/tc01_register.cy.ts",
      "beforeHooks": [],
      "afterHooks": [],
      "tests": [],
      "suites": [
        {
          "uuid": "a0fd2119-e2c8-4eca-b96d-baf92c7a2fda",
          "title": "TC01 - Cadastrar usuário",
          "fullFile": "",
          "file": "",
          "beforeHooks": [],
          "afterHooks": [],
          "tests": [
            {
              "title": "deve criar um usuário novo com sucesso",
              "fullTitle": "TC01 - Cadastrar usuário deve criar um usuário novo com sucesso",
              "timedOut": null,
              "duration": 9304,
              "state": "passed",
              "speed": "medium",
              "pass": true,
              "fail": false,
              "pending": false,
              "context": null,
              "code": "const signup = new signupPage_1.SignupPage();\nconst email = faker_1.faker.internet.email();\nconst firstName = faker_1.faker.person.firstName();\n// Visita a página de signup\nsignup.visit();\n// Inicia cadastro com nome e email (usa faker para gerar dados únicos)\nsignup.startSignup(firstName + ' Teste', email);\n// Preenche o restante do formulário (senha e dados mínimos)\nsignup.fillAccountInformation('Senha123!');\n// Após submeter, o site pode mostrar 'ACCOUNT CREATED!' ou redirecionar\n// Vamos ser resilientes: se existir botão de continue, clicar e validar login;\n// caso contrário, aceitar o texto de confirmação ou verificar que usuário está logado.\ncy.get('body').then($body => {\n    if ($body.find('a[data-qa=\"continue-button\"]').length) {\n        cy.get('a[data-qa=\"continue-button\"]').click();\n        cy.contains(/logged in as/i, { timeout: 10000 }).should('be.visible');\n    }\n    else if ($body.text().match(/account created/i)) {\n        cy.contains(/account created/i).should('be.visible');\n        cy.get('a[data-qa=\"continue-button\"]').click();\n        cy.contains(/logged in as/i, { timeout: 10000 }).should('be.visible');\n    }\n    else {\n        // fallback: aguardar que a área de usuário apareça\n        cy.contains(/logged in as/i, { timeout: 10000 }).should('be.visible');\n    }\n});",
              "err": {},
              "uuid": "ba563a7e-2692-47fc-a91b-8f40cb3fa00d",
              "parentUUID": "a0fd2119-e2c8-4eca-b96d-baf92c7a2fda",
              "isHook": false,
              "skipped": false
            }
          ],
          "suites": [],
          "passes": [
            "ba563a7e-2692-47fc-a91b-8f40cb3fa00d"
          ],
          "failures": [],
          "pending": [],
          "skipped": [],
          "duration": 9304,
          "root": false,
          "rootEmpty": false,
          "_timeout": 2000
        }
      ],
      "passes": [],
      "failures": [],
      "pending": [],
      "skipped": [],
      "duration": 0,
      "root": true,
      "rootEmpty": true,
      "_timeout": 2000
    },
    {
      "uuid": "c755a019-519b-455e-80c0-1d273b9cf2b1",
      "title": "",
      "fullFile": "cypress/e2e/tc02_login_success.cy.ts",
      "file": "cypress/e2e/tc02_login_success.cy.ts",
      "beforeHooks": [],
      "afterHooks": [],
      "tests": [],
      "suites": [
        {
          "uuid": "aa64e0f1-319d-4aaf-bda9-1f7f098b7622",
          "title": "TC02 - Login com credenciais corretas",
          "fullFile": "",
          "file": "",
          "beforeHooks": [],
          "afterHooks": [],
          "tests": [
            {
              "title": "deve permitir login com email e senha válidos",
              "fullTitle": "TC02 - Login com credenciais corretas deve permitir login com email e senha válidos",
              "timedOut": null,
              "duration": 10109,
              "state": "passed",
              "speed": "slow",
              "pass": true,
              "fail": false,
              "pending": false,
              "context": null,
              "code": "const signup = new signupPage_1.SignupPage();\nconst login = new loginPage_1.LoginPage();\nconst email = faker_1.faker.internet.email();\nconst password = 'Senha123!';\n// Registrar o usuário (garante que exista)\nsignup.visit();\nsignup.startSignup('Usuario Login', email);\nsignup.fillAccountInformation(password);\ncy.get('a[data-qa=\"continue-button\"]').click();\ncy.contains('Logged in as').should('be.visible');\n// Fazer logout para testar login\ncy.contains('Logout').click();\n// Testar login\nlogin.visit();\nlogin.login(email, password);\n// Verificar que login foi bem-sucedido\ncy.contains('Logged in as').should('be.visible');",
              "err": {},
              "uuid": "402e8deb-ecc9-40ac-a131-f291c2e293a8",
              "parentUUID": "aa64e0f1-319d-4aaf-bda9-1f7f098b7622",
              "isHook": false,
              "skipped": false
            }
          ],
          "suites": [],
          "passes": [
            "402e8deb-ecc9-40ac-a131-f291c2e293a8"
          ],
          "failures": [],
          "pending": [],
          "skipped": [],
          "duration": 10109,
          "root": false,
          "rootEmpty": false,
          "_timeout": 2000
        }
      ],
      "passes": [],
      "failures": [],
      "pending": [],
      "skipped": [],
      "duration": 0,
      "root": true,
      "rootEmpty": true,
      "_timeout": 2000
    },
    {
      "uuid": "12f480b8-e4ed-4994-9c44-9b4f0a34bca6",
      "title": "",
      "fullFile": "cypress/e2e/tc03_login_fail.cy.ts",
      "file": "cypress/e2e/tc03_login_fail.cy.ts",
      "beforeHooks": [],
      "afterHooks": [],
      "tests": [],
      "suites": [
        {
          "uuid": "5fa421ba-3125-4ccb-9796-f785ba4141c3",
          "title": "TC03 - Login com credenciais incorretas",
          "fullFile": "",
          "file": "",
          "beforeHooks": [],
          "afterHooks": [],
          "tests": [
            {
              "title": "não deve permitir login com senha incorreta",
              "fullTitle": "TC03 - Login com credenciais incorretas não deve permitir login com senha incorreta",
              "timedOut": null,
              "duration": 2135,
              "state": "passed",
              "speed": "fast",
              "pass": true,
              "fail": false,
              "pending": false,
              "context": null,
              "code": "const login = new loginPage_1.LoginPage();\nconst fakeEmail = faker_1.faker.internet.email();\nlogin.visit();\nlogin.login(fakeEmail, 'senhaErrada');\n// Verifica mensagem de erro apropriada\ncy.contains('Your email or password is incorrect!').should('exist');",
              "err": {},
              "uuid": "038e523f-9c37-4666-bf3e-dd5a09b6e3ae",
              "parentUUID": "5fa421ba-3125-4ccb-9796-f785ba4141c3",
              "isHook": false,
              "skipped": false
            }
          ],
          "suites": [],
          "passes": [
            "038e523f-9c37-4666-bf3e-dd5a09b6e3ae"
          ],
          "failures": [],
          "pending": [],
          "skipped": [],
          "duration": 2135,
          "root": false,
          "rootEmpty": false,
          "_timeout": 2000
        }
      ],
      "passes": [],
      "failures": [],
      "pending": [],
      "skipped": [],
      "duration": 0,
      "root": true,
      "rootEmpty": true,
      "_timeout": 2000
    },
    {
      "uuid": "51158dff-316c-4b6a-8af0-eddc326c7bf5",
      "title": "",
      "fullFile": "cypress/e2e/tc04_logout.cy.ts",
      "file": "cypress/e2e/tc04_logout.cy.ts",
      "beforeHooks": [],
      "afterHooks": [],
      "tests": [],
      "suites": [
        {
          "uuid": "b7888c29-5f6e-475b-b192-e7e0c02eb575",
          "title": "TC04 - Logout",
          "fullFile": "",
          "file": "",
          "beforeHooks": [],
          "afterHooks": [],
          "tests": [
            {
              "title": "deve logout corretamente após login",
              "fullTitle": "TC04 - Logout deve logout corretamente após login",
              "timedOut": null,
              "duration": 8429,
              "state": "passed",
              "speed": "medium",
              "pass": true,
              "fail": false,
              "pending": false,
              "context": null,
              "code": "// Reaproveitamos o Page Object para registro + logout\nconst signup = new signupPage_1.SignupPage();\nconst email = faker_1.faker.internet.email();\nconst password = 'Senha123!';\n// Registrar usuário via Page Object\nsignup.visit();\nsignup.startSignup('UsuarioLogout', email);\nsignup.fillAccountInformation(password);\n// clicar em continuar se existir\ncy.get('body').then($b => {\n    if ($b.find('a[data-qa=\"continue-button\"]').length)\n        cy.get('a[data-qa=\"continue-button\"]').click();\n});\n// Fazer logout\ncy.contains(/logout/i, { timeout: 10000 }).should('be.visible').click();\n// Verificar retorno à página de login/signup\ncy.contains(/signup \\/? login/i, { timeout: 10000 }).should('be.visible');",
              "err": {},
              "uuid": "82869c79-0087-4837-b22d-4e1c2abd42cb",
              "parentUUID": "b7888c29-5f6e-475b-b192-e7e0c02eb575",
              "isHook": false,
              "skipped": false
            }
          ],
          "suites": [],
          "passes": [
            "82869c79-0087-4837-b22d-4e1c2abd42cb"
          ],
          "failures": [],
          "pending": [],
          "skipped": [],
          "duration": 8429,
          "root": false,
          "rootEmpty": false,
          "_timeout": 2000
        }
      ],
      "passes": [],
      "failures": [],
      "pending": [],
      "skipped": [],
      "duration": 0,
      "root": true,
      "rootEmpty": true,
      "_timeout": 2000
    },
    {
      "uuid": "d33d8f87-4091-43d4-abd8-ae4c19886446",
      "title": "",
      "fullFile": "cypress/e2e/tc05_register_existing.cy.ts",
      "file": "cypress/e2e/tc05_register_existing.cy.ts",
      "beforeHooks": [],
      "afterHooks": [],
      "tests": [],
      "suites": [
        {
          "uuid": "04c1642e-bbee-402f-94ce-ffa4446026e8",
          "title": "TC05 - Registrar com e-mail existente",
          "fullFile": "",
          "file": "",
          "beforeHooks": [],
          "afterHooks": [],
          "tests": [
            {
              "title": "deve recusar cadastro quando email já existe",
              "fullTitle": "TC05 - Registrar com e-mail existente deve recusar cadastro quando email já existe",
              "timedOut": null,
              "duration": 8905,
              "state": "passed",
              "speed": "medium",
              "pass": true,
              "fail": false,
              "pending": false,
              "context": null,
              "code": "const signup = new signupPage_1.SignupPage();\nconst email = faker_1.faker.internet.email();\n// Primeiro registro (sucesso)\nsignup.visit();\nsignup.startSignup('Usuario Existente', email);\nsignup.fillAccountInformation('Senha123!');\ncy.get('a[data-qa=\"continue-button\"]').click();\ncy.contains('Logged in as').should('be.visible');\n// Logout\ncy.contains('Logout').click();\n// Tentar registrar novamente com o mesmo email\nsignup.visit();\nsignup.startSignup('Usuario Existente2', email);\n// Verificar que mensagem de erro sobre email existente aparece\ncy.contains('Email Address already exist!').should('be.visible');",
              "err": {},
              "uuid": "304744f4-185d-4ffc-bd55-7002e61e21a0",
              "parentUUID": "04c1642e-bbee-402f-94ce-ffa4446026e8",
              "isHook": false,
              "skipped": false
            }
          ],
          "suites": [],
          "passes": [
            "304744f4-185d-4ffc-bd55-7002e61e21a0"
          ],
          "failures": [],
          "pending": [],
          "skipped": [],
          "duration": 8905,
          "root": false,
          "rootEmpty": false,
          "_timeout": 2000
        }
      ],
      "passes": [],
      "failures": [],
      "pending": [],
      "skipped": [],
      "duration": 0,
      "root": true,
      "rootEmpty": true,
      "_timeout": 2000
    },
    {
      "uuid": "ce2e442d-3860-47bc-ad2e-b89cb0d6c601",
      "title": "",
      "fullFile": "cypress/e2e/tc06_contact.cy.ts",
      "file": "cypress/e2e/tc06_contact.cy.ts",
      "beforeHooks": [],
      "afterHooks": [],
      "tests": [],
      "suites": [
        {
          "uuid": "5650c9f6-c6a5-4b18-8962-a39fb32734ee",
          "title": "TC06 - Contact Us form",
          "fullFile": "",
          "file": "",
          "beforeHooks": [],
          "afterHooks": [],
          "tests": [
            {
              "title": "deve enviar o formulário de contato com sucesso",
              "fullTitle": "TC06 - Contact Us form deve enviar o formulário de contato com sucesso",
              "timedOut": null,
              "duration": 4221,
              "state": "passed",
              "speed": "fast",
              "pass": true,
              "fail": false,
              "pending": false,
              "context": null,
              "code": "const contact = new contactPage_1.ContactPage();\nconst email = faker_1.faker.internet.email();\ncontact.visit();\n// Preencher e submeter\ncontact.submitContact('Contato Teste', email, 'Assunto teste', 'Mensagem de teste via Cypress');\n// Verificar mensagem de sucesso\ncy.contains('Success! Your details have been submitted successfully.').should('be.visible');\n// Voltar à home — usar link para a raiz do site\ncy.get('a[href=\"/\"]').first().click({ force: true });",
              "err": {},
              "uuid": "23972f1a-3505-40b2-89a4-9d72bf948bc8",
              "parentUUID": "5650c9f6-c6a5-4b18-8962-a39fb32734ee",
              "isHook": false,
              "skipped": false
            }
          ],
          "suites": [],
          "passes": [
            "23972f1a-3505-40b2-89a4-9d72bf948bc8"
          ],
          "failures": [],
          "pending": [],
          "skipped": [],
          "duration": 4221,
          "root": false,
          "rootEmpty": false,
          "_timeout": 2000
        }
      ],
      "passes": [],
      "failures": [],
      "pending": [],
      "skipped": [],
      "duration": 0,
      "root": true,
      "rootEmpty": true,
      "_timeout": 2000
    },
    {
      "uuid": "b259de8a-143c-4348-b05f-1ec73dbfb733",
      "title": "",
      "fullFile": "cypress/e2e/tc08_products.cy.ts",
      "file": "cypress/e2e/tc08_products.cy.ts",
      "beforeHooks": [],
      "afterHooks": [],
      "tests": [],
      "suites": [
        {
          "uuid": "e91a1e14-5fc6-4ccf-a5d9-e23ad0c7c09a",
          "title": "TC08 - Lista de produtos e detalhes",
          "fullFile": "",
          "file": "",
          "beforeHooks": [],
          "afterHooks": [],
          "tests": [
            {
              "title": "deve listar produtos e abrir detalhe do primeiro",
              "fullTitle": "TC08 - Lista de produtos e detalhes deve listar produtos e abrir detalhe do primeiro",
              "timedOut": null,
              "duration": 1685,
              "state": "passed",
              "speed": "fast",
              "pass": true,
              "fail": false,
              "pending": false,
              "context": null,
              "code": "const products = new productsPage_1.ProductsPage();\nproducts.visit();\nproducts.assertProductListVisible();\n// Abrir detalhes do primeiro produto\n// Observação: dependendo do overlay do site, o clique força interação\ncy.get('.product-image-wrapper').first().within(() => {\n    cy.contains('View Product').click({ force: true });\n});\n// Verificar que a página de detalhes mostra informações do produto\ncy.get('.product-information').should('be.visible');",
              "err": {},
              "uuid": "64d2260f-808e-42fc-a591-35ed8b339523",
              "parentUUID": "e91a1e14-5fc6-4ccf-a5d9-e23ad0c7c09a",
              "isHook": false,
              "skipped": false
            }
          ],
          "suites": [],
          "passes": [
            "64d2260f-808e-42fc-a591-35ed8b339523"
          ],
          "failures": [],
          "pending": [],
          "skipped": [],
          "duration": 1685,
          "root": false,
          "rootEmpty": false,
          "_timeout": 2000
        }
      ],
      "passes": [],
      "failures": [],
      "pending": [],
      "skipped": [],
      "duration": 0,
      "root": true,
      "rootEmpty": true,
      "_timeout": 2000
    },
    {
      "uuid": "e4bbbe27-679c-4de8-a98c-e2222d13905f",
      "title": "",
      "fullFile": "cypress/e2e/tc09_search.cy.ts",
      "file": "cypress/e2e/tc09_search.cy.ts",
      "beforeHooks": [],
      "afterHooks": [],
      "tests": [],
      "suites": [
        {
          "uuid": "505ac835-59b0-4ada-8704-86ceff25ccfb",
          "title": "TC09 - Pesquisa de produto",
          "fullFile": "",
          "file": "",
          "beforeHooks": [],
          "afterHooks": [],
          "tests": [
            {
              "title": "deve retornar resultados ao pesquisar um termo existente",
              "fullTitle": "TC09 - Pesquisa de produto deve retornar resultados ao pesquisar um termo existente",
              "timedOut": null,
              "duration": 2503,
              "state": "passed",
              "speed": "fast",
              "pass": true,
              "fail": false,
              "pending": false,
              "context": null,
              "code": "const products = new productsPage_1.ProductsPage();\nproducts.visit();\n// Termo genérico que deve retornar itens\nproducts.search('dress');\n// Verifica que resultados aparecem\ncy.get('.features_items').should('contain.text', 'Dress');",
              "err": {},
              "uuid": "4b7e932a-9b50-45a4-89b2-353955b2a922",
              "parentUUID": "505ac835-59b0-4ada-8704-86ceff25ccfb",
              "isHook": false,
              "skipped": false
            }
          ],
          "suites": [],
          "passes": [
            "4b7e932a-9b50-45a4-89b2-353955b2a922"
          ],
          "failures": [],
          "pending": [],
          "skipped": [],
          "duration": 2503,
          "root": false,
          "rootEmpty": false,
          "_timeout": 2000
        }
      ],
      "passes": [],
      "failures": [],
      "pending": [],
      "skipped": [],
      "duration": 0,
      "root": true,
      "rootEmpty": true,
      "_timeout": 2000
    },
    {
      "uuid": "aa6d0ce1-d2a3-4e10-bcbb-85799a62ea88",
      "title": "",
      "fullFile": "cypress/e2e/tc10_subscribe.cy.ts",
      "file": "cypress/e2e/tc10_subscribe.cy.ts",
      "beforeHooks": [],
      "afterHooks": [],
      "tests": [],
      "suites": [
        {
          "uuid": "45919b6f-cc21-4519-a791-49532b8d3e9c",
          "title": "TC10 - Assinatura na home",
          "fullFile": "",
          "file": "",
          "beforeHooks": [],
          "afterHooks": [],
          "tests": [
            {
              "title": "deve permitir assinar a newsletter na home",
              "fullTitle": "TC10 - Assinatura na home deve permitir assinar a newsletter na home",
              "timedOut": null,
              "duration": 2190,
              "state": "passed",
              "speed": "fast",
              "pass": true,
              "fail": false,
              "pending": false,
              "context": null,
              "code": "cy.visit('/');\nconst email = faker_1.faker.internet.email();\n// rolar até o footer onde está o campo de assinatura e usar seletores flexíveis\ncy.get('footer').scrollIntoView();\ncy.get('footer').within(() => {\n    // tentar diferentes seletores de input de email\n    cy.get('input[type=\"email\"], input[name*=\"email\"], input#susbscribe_email, input#subscribe').first().type(email);\n    // clicar no botão de subscribe pelo texto\n    cy.contains(/subscribe/i).click({ force: true });\n});\n// Verificar mensagem de sucesso (texto pode variar). O container pode\n// inicialmente estar oculto; checamos existência e conteúdo textual.\ncy.get('#success-subscribe, .alert-success', { timeout: 10000 })\n    .should('exist')\n    .invoke('text')\n    .then(text => {\n    const lower = (text || '').toLowerCase();\n    expect(lower).to.satisfy(t => t.includes('success') || t.includes('subscribed') || t.includes('thank'));\n});",
              "err": {},
              "uuid": "6d1af506-5db8-4319-baa9-81294bfe5bd3",
              "parentUUID": "45919b6f-cc21-4519-a791-49532b8d3e9c",
              "isHook": false,
              "skipped": false
            }
          ],
          "suites": [],
          "passes": [
            "6d1af506-5db8-4319-baa9-81294bfe5bd3"
          ],
          "failures": [],
          "pending": [],
          "skipped": [],
          "duration": 2190,
          "root": false,
          "rootEmpty": false,
          "_timeout": 2000
        }
      ],
      "passes": [],
      "failures": [],
      "pending": [],
      "skipped": [],
      "duration": 0,
      "root": true,
      "rootEmpty": true,
      "_timeout": 2000
    },
    {
      "uuid": "8c0e45a2-d408-43fe-bd7b-aa36e0f4c2be",
      "title": "",
      "fullFile": "cypress/e2e/tc15_place_order.cy.ts",
      "file": "cypress/e2e/tc15_place_order.cy.ts",
      "beforeHooks": [],
      "afterHooks": [],
      "tests": [],
      "suites": [
        {
          "uuid": "0dc5a72f-4c4c-482a-a139-49873c2f88ef",
          "title": "TC15 - Fazer pedido com registro prévio",
          "fullFile": "",
          "file": "",
          "beforeHooks": [],
          "afterHooks": [],
          "tests": [
            {
              "title": "deve permitir registrar, adicionar produto e prosseguir para checkout",
              "fullTitle": "TC15 - Fazer pedido com registro prévio deve permitir registrar, adicionar produto e prosseguir para checkout",
              "timedOut": null,
              "duration": 10690,
              "state": "passed",
              "speed": "slow",
              "pass": true,
              "fail": false,
              "pending": false,
              "context": null,
              "code": "const products = new productsPage_1.ProductsPage();\nconst signup = new signupPage_1.SignupPage();\nconst cart = new cartPage_1.CartPage();\nconst email = faker_1.faker.internet.email();\nconst password = 'Senha123!';\n// Registrar usuário\nsignup.visit();\nsignup.startSignup('Usuario Pedido', email);\nsignup.fillAccountInformation(password);\ncy.get('a[data-qa=\"continue-button\"]').click();\ncy.contains('Logged in as').should('be.visible');\n// Ir para produtos e abrir a página de detalhe do primeiro produto\nproducts.visit();\n// abrir detalhes do primeiro produto (View Product) para então adicionar ao carrinho de forma unívoca\n// tentar obter o href do link de detalhe e visitar diretamente para evitar problemas de overlay/múltiplos elementos\ncy.get('.product-image-wrapper, .single-products').first().then(($card) => {\n    const href = $card.find('a[href*=\"/product_details/\"]').attr('href');\n    if (href) {\n        // navegar diretamente para a página de detalhe do produto\n        cy.visit(href);\n    }\n    else {\n        // fallback: clicar no primeiro link de detalhe disponível\n        cy.get('a[href*=\"/product_details/\"]').first().click({ force: true });\n    }\n});\n// Na página de detalhe do produto, clicar em Add to cart (único botão nessa página)\n// Aguardar até o botão estar visível, então clicar no primeiro que encontrar\ncy.wait(1000); // dar tempo para a página carregar\ncy.contains(/add to cart/i).should('be.visible').first().click({ force: true });\n// Aguardar o modal de sucesso e então ir para o carrinho\ncy.contains(/added!/i).should('be.visible');\ncy.wait(500); // aguardar animação\n// Visualizar carrinho e proceder\ncy.contains('View Cart').should('be.visible').first().click({ force: true });\ncart.proceedToCheckout();\n// Verifica que chegou à página de checkout (pode pedir confirmação de endereço)\ncy.contains('Address Details').should('be.visible');",
              "err": {},
              "uuid": "d897fc81-f365-4357-bcf8-ac6377f61081",
              "parentUUID": "0dc5a72f-4c4c-482a-a139-49873c2f88ef",
              "isHook": false,
              "skipped": false
            }
          ],
          "suites": [],
          "passes": [
            "d897fc81-f365-4357-bcf8-ac6377f61081"
          ],
          "failures": [],
          "pending": [],
          "skipped": [],
          "duration": 10690,
          "root": false,
          "rootEmpty": false,
          "_timeout": 2000
        }
      ],
      "passes": [],
      "failures": [],
      "pending": [],
      "skipped": [],
      "duration": 0,
      "root": true,
      "rootEmpty": true,
      "_timeout": 2000
    }
  ],
  "meta": {
    "mocha": {
      "version": "7.0.1"
    },
    "mochawesome": {
      "options": {
        "quiet": false,
        "reportFilename": "mochawesome",
        "saveHtml": true,
        "saveJson": true,
        "consoleReporter": "spec",
        "useInlineDiffs": false,
        "code": true
      },
      "version": "7.1.4"
    },
    "marge": {
      "options": {
        "reportDir": "cypress/reports",
        "overwrite": false,
        "html": true,
        "json": true
      },
      "version": "6.3.0"
    }
  }
}